我需要你的帮助，请帮我推荐 5 个指定变量的重命名候选项。
我希望这些新的变量名能更符合代码上下文、整段代码的风格，更有意义。

我会将代码分成三段发给你，每段代码用 --- 进行包裹。这些代码是一段 java 代码片段。
第一段代码是该变量之前的上文，第二段是变量名，第三段是该变量的下文。

---
@Override
public MemoryBuffer serialize(MemoryBuffer buffer, Object obj) {
  return serialize(buffer, obj, null);
}

/** Serialize <code>obj</code> to a <code>buffer</code>. */
public MemoryBuffer serialize(MemoryBuffer buffer, Object obj, BufferCallback callback) {
  this.bufferCallback = callback;
  int 
---

---
x
---

---
= buffer.writerIndex();
  // 1byte used for bit mask
  buffer.ensure(x + 1);
  buffer.writerIndex(x + 1);
  byte bitmap = 0;
  if (obj == null) {
    bitmap |= isNilFlag;
    buffer.put(x, bitmap);
    return buffer;
  }
  // set endian.
  if (isLittleEndian) {
    bitmap |= isLittleEndianFlag;
  }
  if (language != Language.JAVA) {
    // set reader as x_lang.
    bitmap |= isCrossLanguageFlag;
    // set writer language.
    buffer.writeByte((byte) Language.JAVA.ordinal());
  }
  if (bufferCallback != null) {
    bitmap |= isOutOfBandFlag;
  }
  buffer.put(x, bitmap);
  try {
    jitContext.lock();
    checkDepthForSerialization();
    if (language == Language.JAVA) {
      write(buffer, obj);
    } else {
      xserializeInternal(buffer, obj);
    }
    return buffer;
  } catch (StackOverflowError t) {
    throw processStackOverflowError(t);
  } finally {
    resetWrite();
    jitContext.unlock();
  }
}
---


你的任务是：
请根据上下文以及代码的作用帮我推荐一下 x 能替换成哪些变量名，仅需要把所有可能的变量名输出，不用输出所有的代码。将结果放在代码块中（用 ``` 包裹），每行一个，不用带序号。