我需要你的帮助，请帮我推荐 5 个指定变量的重命名候选项。

我会以将代码分成三段发给你，第一段代码是该变量之前的上文，第二段是变量名，第三段是该变量的下文。
每段代码的文本是用 --- 进行包裹的。

---
const { PromptEngine } = require("prompt-engine");

const description = "I want to speak with a bot which replies in under 20 words each time";
const examples = [
  { input: "Hi", response: "I'm a chatbot. I can chat with you about anything you'd like." },
  { input: "Can you help me with the size of the universe?", response: "Sure. The universe is estimated to be around 93 billion light years in diameter." },
];
const flowResetText = "Forget the earlier conversation and start afresh";

const
---

---
a
---

---
= new PromptEngine(description, examples, flowResetText, {
  modelConfig: {
    maxTokens: 512,
  }
});

a.addInteractions([
  { 
    input: "What is the size of an SUV in general?",
    response: "An SUV typically ranges from 16 to 20 feet long."
  },
]);

a.removeLastInteraction()

a.addInteraction("What is the maximum speed an SUV from a performance brand can achieve?", 
"Some performance SUVs can reach speeds over 150mph.");

const outputPrompt = a.buildPrompt("Can some cars reach higher speeds than that?");

console.log("PROMPT\n\n" + outputPrompt);
console.log("PROMPT LENGTH: " + outputPrompt.length);
---

代码使用到的语言是 javascript。
请根据上下文以及代码的作用帮我推荐一下 a 能替换成什么变量名，将结果放在代码块中（用 ``` 包裹），每行一个。
不要输出序号，只需要输出变量名即可。
新推荐的变量名要和这个变量名的风格保持一致，语言保持一致。