我需要你的帮助，请帮我推荐 5 个指定变量的重命名候选项。
我希望这些新的变量名能更符合代码上下文、整段代码的风格，更有意义。

我会将代码分成三段发给你，每段代码用 --- 进行包裹。这些代码是一段 rust 代码片段。
第一段代码是该变量之前的上文，第二段是变量名，第三段是该变量的下文。

---
use index_vec::IndexVec;
use rolldown_common::{ChunkId, NormalModuleId};

use super::chunk::ChunksVec;

#[derive(Debug)]
pub struct ChunkGraph {
  pub 
---

---
a
---

---
: ChunksVec,
  pub module_to_chunk: IndexVec<NormalModuleId, Option<ChunkId>>,
}
---


你的任务是：
请根据上下文以及代码的作用帮我推荐一下 a 能替换成哪些变量名，仅需要把所有可能的变量名输出，不用输出所有的代码。将结果放在代码块中（用 ``` 包裹），每行一个，不用带序号。