我需要你的帮助，请帮我推荐 5 个指定变量的重命名候选项。
我希望这些新的变量名能更符合代码上下文、整段代码的风格，更有意义。

我会将代码分成三段发给你，每段代码用 --- 进行包裹。这些代码是一段 typescript 代码片段。
第一段代码是该变量之前的上文，第二段是变量名，第三段是该变量的下文。

---
function createTypeSchema(type, name) {
  const schema = generator.createSchema(type);
  const schemaString = JSON.stringify(schema, null, 2);
  const 
---

---
output_path
---

---
 = path.resolve(
    __dirname,
    '../src/public/json-schemas',
    `${name}.schema.json`,
  );
  ensureDirSync(output_path);
  fs.writeFile(output_path, usePrettier(schemaString), (err) => {
    if (err) throw err;
  });
}
---


你的任务是：
请根据上下文以及代码的作用帮我推荐一下 output_path 能替换成哪些变量名，仅需要把所有可能的变量名输出，不用输出所有的代码。将结果放在代码块中（用 ``` 包裹），每行一个，不用带序号。